Using pre-set license
Built from '2020.2/staging' branch; Version is '2020.2.6f1 (8a2143876886) revision 9052483'; Using compiler version '192528614'; Build Type 'Release'
OS: 'Windows 10 Home; OS build 19043.844; Version 2009; 64bit' Language: 'en' Physical Memory: 16289 MB
BatchMode: 1, IsHumanControllingUs: 0, StartBugReporterOnCrash: 0, Is64bit: 1, IsPro: 0

 COMMAND LINE ARGUMENTS:
C:\Program Files\Unity\Hub\Editor\2020.2.6f1\Editor\Unity.exe
-adb2
-batchMode
-noUpm
-name
AssetImportWorker0
-projectPath
C:/Documenten/School/Examen/Proef/FitTheWall/FitTheWall
-logFile
Logs/AssetImportWorker0.log
-srvPort
53046
Successfully changed project path to: C:/Documenten/School/Examen/Proef/FitTheWall/FitTheWall
C:/Documenten/School/Examen/Proef/FitTheWall/FitTheWall
Using Asset Import Pipeline V2.
Refreshing native plugins compatible for Editor in 56.19 ms, found 1 plugins.
Preloading 0 native plugins for Editor in 0.00 ms.
Initialize engine version: 2020.2.6f1 (8a2143876886)
[Subsystems] Discovering subsystems at path C:/Program Files/Unity/Hub/Editor/2020.2.6f1/Editor/Data/Resources/UnitySubsystems
[Subsystems] Discovering subsystems at path C:/Documenten/School/Examen/Proef/FitTheWall/FitTheWall/Assets
GfxDevice: creating device client; threaded=0
Direct3D:
    Version:  Direct3D 11.0 [level 11.1]
    Renderer: NVIDIA GeForce GTX 960 (ID=0x1401)
    Vendor:   
    VRAM:     4053 MB
    Driver:   27.21.14.5671
Initialize mono
Mono path[0] = 'C:/Program Files/Unity/Hub/Editor/2020.2.6f1/Editor/Data/Managed'
Mono path[1] = 'C:/Program Files/Unity/Hub/Editor/2020.2.6f1/Editor/Data/MonoBleedingEdge/lib/mono/unityjit'
Mono config path = 'C:/Program Files/Unity/Hub/Editor/2020.2.6f1/Editor/Data/MonoBleedingEdge/etc'
Using monoOptions --debugger-agent=transport=dt_socket,embedding=1,server=y,suspend=n,address=127.0.0.1:56780
Begin MonoManager ReloadAssembly
Registering precompiled unity dll's ...
Register platform support module: C:/Program Files/Unity/Hub/Editor/2020.2.6f1/Editor/Data/PlaybackEngines/WindowsStandaloneSupport/UnityEditor.WindowsStandalone.Extensions.dll
Registered in 0.002746 seconds.
Native extension for WindowsStandalone target not found
Refreshing native plugins compatible for Editor in 40.68 ms, found 1 plugins.
Preloading 0 native plugins for Editor in 0.00 ms.
Invoked RoslynAnalysisRunner static constructor.
RoslynAnalysisRunner will not be running.
RoslynAnalysisRunner has terminated.
Mono: successfully reloaded assembly
- Completed reload, in  1.154 seconds
Platform modules already initialized, skipping
Registering precompiled user dll's ...
Registered in 0.013163 seconds.
Begin MonoManager ReloadAssembly
TypeRef ResolutionScope not yet handled (19) for .Print in image C:\Documenten\School\Examen\Proef\FitTheWall\FitTheWall\Assets\ML-Agents\Plugins\Android\TensorFlowSharp.Android.dll
TypeRef ResolutionScope not yet handled (19) for .Print in image C:\Documenten\School\Examen\Proef\FitTheWall\FitTheWall\Assets\ML-Agents\Plugins\Android\TensorFlowSharp.Android.dll
Error: Could not load signature of TensorFlowSharp.Android.NativeBinding:get_InternalPrintFunc due to: Could not resolve type with token 01000015 (from typeref, class/assembly Print, ) assembly: type:Print member:(null) signature:<none>

Unloading broken assembly Assets/ML-Agents/Plugins/Android/TensorFlowSharp.Android.dll, this assembly can cause crashes in the runtime

Native extension for WindowsStandalone target not found
Refreshing native plugins compatible for Editor in 1.13 ms, found 1 plugins.
Preloading 0 native plugins for Editor in 0.00 ms.
Invoked RoslynAnalysisRunner static constructor.
RoslynAnalysisRunner will not be running.
RoslynAnalysisRunner has terminated.
Mono: successfully reloaded assembly
- Completed reload, in  0.931 seconds
Platform modules already initialized, skipping
========================================================================
Worker process is ready to serve import requests
Launched and connected shader compiler UnityShaderCompiler.exe after 0.04 seconds
Refreshing native plugins compatible for Editor in 0.54 ms, found 1 plugins.
Preloading 0 native plugins for Editor in 0.00 ms.
Unloading 1445 Unused Serialized files (Serialized files now loaded: 0)
System memory in use before: 65.9 MB.
System memory in use after: 66.0 MB.

Unloading 65 unused Assets to reduce memory usage. Loaded Objects now: 1842.
Total: 1.943800 ms (FindLiveObjects: 0.180600 ms CreateObjectMapping: 0.047500 ms MarkObjects: 1.631200 ms  DeleteObjects: 0.083600 ms)

========================================================================
Received Import Request.
  path: Assets/Image.mat
  artifactKey: Guid(dc6508324958f1c419b30edd0eff4585) Importer(815301076,1909f56bfc062723c751e8b465ee728b)
Start importing Assets/Image.mat using Guid(dc6508324958f1c419b30edd0eff4585) Importer(815301076,1909f56bfc062723c751e8b465ee728b)  -> (artifact id: '076d0e9680d34e6afbb647027a253770') in 0.158897 seconds
  Import took 0.161625 seconds .

